<?xml version="1.0" encoding="UTF-8"?>
<!-- Generated by org.testng.reporters.JUnitXMLReporter -->
<testsuite hostname="LT0021232" ignored="12" name="Test" tests="20" failures="0" timestamp="12 Sep 2018 09:09:43 GMT" time="357.236" errors="0">
  <testcase name="ConsumerLogoTest" time="0.933" classname="com.qa.TestCases.ConsumerLoginPageTest"/>
  <testcase name="ConsumerPortalTittle" time="0.113" classname="com.qa.TestCases.ConsumerLoginPageTest"/>
  <testcase name="ConsumerLoginPortalTest" time="1.611" classname="com.qa.TestCases.ConsumerLoginPageTest"/>
  <testcase name="DashBoardPageTittleValidation" time="5.022" classname="com.qa.TestCases.DashBoardTest"/>
  <testcase name="SecondDashBoardPageTittleValidation" time="0.203" classname="com.qa.TestCases.DashBoardTest"/>
  <testcase name="AccountBalanceTextValidation" time="0.078" classname="com.qa.TestCases.DashBoardTest"/>
  <testcase name="Last5TranscationTextValidation" time="0.108" classname="com.qa.TestCases.DashBoardTest"/>
  <testcase name="MoveToTranscationHistoryPage" time="2.451" classname="com.qa.TestCases.DashBoardTest"/>
  <testcase name="TranscationHistoryTittleValidation" time="5.018" classname="com.qa.TestCases.TranscationHistoryTest"/>
  <testcase name="DashBoardPageTittleValidation" time="0.128" classname="com.qa.TestCases.TranscationHistoryTest"/>
  <testcase name="ClickOnCalender" time="25.039" classname="com.qa.TestCases.TranscationHistoryTest"/>
  <testcase name="TransHistoryScreenValidation" time="12.728" classname="com.qa.TestCases.TranscationHistoryTest"/>
  <testcase name="EditProfileTittleValidation" time="5.031" classname="com.qa.TestCases.EditProfilePageTest"/>
  <testcase name="EditProfileDetailsValidation" time="0.244" classname="com.qa.TestCases.EditProfilePageTest"/>
  <testcase name="EditProfile" time="42.794" classname="com.qa.TestCases.EditProfilePageTest"/>
  <testcase name="EditProfileTittleValidation" time="5.083" classname="com.qa.TestCases.ManagedCardTest"/>
  <testcase name="AddCard" time="61.62" classname="com.qa.TestCases.ManagedCardTest"/>
  <testcase name="EditCardDetails" time="39.368" classname="com.qa.TestCases.ManagedCardTest"/>
  <testcase name="DeleteCardDetails" time="49.626" classname="com.qa.TestCases.ManagedCardTest"/>
  <testcase name="AddBankAccDetails" time="98.188" classname="com.qa.TestCases.ManagedCardTest"/>
  <testcase name="@AfterTest Exit" time="0.0" classname="com.qa.BaseClass.ConsumerBaseClass">
    <ignored/>
  </testcase> <!-- @AfterTest Exit -->
  <testcase name="@AfterTest Exit" time="0.0" classname="com.qa.BaseClass.ConsumerBaseClass">
    <ignored/>
  </testcase> <!-- @AfterTest Exit -->
  <testcase name="@AfterTest Exit" time="0.0" classname="com.qa.BaseClass.ConsumerBaseClass">
    <ignored/>
  </testcase> <!-- @AfterTest Exit -->
  <testcase name="@AfterTest Exit" time="0.0" classname="com.qa.BaseClass.ConsumerBaseClass">
    <ignored/>
  </testcase> <!-- @AfterTest Exit -->
  <testcase name="@BeforeSuite ReportSetup" time="0.0" classname="com.qa.BaseClass.ConsumerBaseClass">
    <ignored/>
  </testcase> <!-- @BeforeSuite ReportSetup -->
  <testcase name="@BeforeSuite ReportSetup" time="0.0" classname="com.qa.BaseClass.ConsumerBaseClass">
    <ignored/>
  </testcase> <!-- @BeforeSuite ReportSetup -->
  <testcase name="@BeforeSuite ReportSetup" time="0.0" classname="com.qa.BaseClass.ConsumerBaseClass">
    <ignored/>
  </testcase> <!-- @BeforeSuite ReportSetup -->
  <testcase name="@BeforeSuite ReportSetup" time="0.0" classname="com.qa.BaseClass.ConsumerBaseClass">
    <ignored/>
  </testcase> <!-- @BeforeSuite ReportSetup -->
  <testcase name="@AfterSuite endReport" time="0.0" classname="com.qa.BaseClass.ConsumerBaseClass">
    <ignored/>
  </testcase> <!-- @AfterSuite endReport -->
  <testcase name="@AfterSuite endReport" time="0.0" classname="com.qa.BaseClass.ConsumerBaseClass">
    <ignored/>
  </testcase> <!-- @AfterSuite endReport -->
  <testcase name="@AfterSuite endReport" time="0.0" classname="com.qa.BaseClass.ConsumerBaseClass">
    <ignored/>
  </testcase> <!-- @AfterSuite endReport -->
  <testcase name="@AfterSuite endReport" time="0.0" classname="com.qa.BaseClass.ConsumerBaseClass">
    <ignored/>
  </testcase> <!-- @AfterSuite endReport -->
</testsuite> <!-- Test -->
