<?xml version="1.0" encoding="UTF-8"?>
<!-- Generated by org.testng.reporters.JUnitXMLReporter -->
<testsuite hostname="LT0021232" ignored="12" name="Test" tests="20" failures="0" timestamp="06 Sep 2018 09:51:59 GMT" time="202.871" errors="0">
  <testcase name="ConsumerLogoTest" time="0.33" classname="com.qa.TestCases.ConsumerLoginPageTest"/>
  <testcase name="ConsumerPortalTittle" time="0.141" classname="com.qa.TestCases.ConsumerLoginPageTest"/>
  <testcase name="ConsumerLoginPortalTest" time="2.016" classname="com.qa.TestCases.ConsumerLoginPageTest"/>
  <testcase name="DashBoardPageTittleValidation" time="5.019" classname="com.qa.TestCases.DashBoardTest"/>
  <testcase name="SecondDashBoardPageTittleValidation" time="0.172" classname="com.qa.TestCases.DashBoardTest"/>
  <testcase name="AccountBalanceTextValidation" time="0.11" classname="com.qa.TestCases.DashBoardTest"/>
  <testcase name="Last5TranscationTextValidation" time="0.109" classname="com.qa.TestCases.DashBoardTest"/>
  <testcase name="MoveToTranscationHistoryPage" time="21.941" classname="com.qa.TestCases.DashBoardTest"/>
  <testcase name="TranscationHistoryTittleValidation" time="5.019" classname="com.qa.TestCases.TranscationHistoryTest"/>
  <testcase name="DashBoardPageTittleValidation" time="0.11" classname="com.qa.TestCases.TranscationHistoryTest"/>
  <testcase name="ClickOnCalender" time="10.409" classname="com.qa.TestCases.TranscationHistoryTest"/>
  <testcase name="TransHistoryScreenValidation" time="2.471" classname="com.qa.TestCases.TranscationHistoryTest"/>
  <testcase name="EditProfileTittleValidation" time="5.041" classname="com.qa.TestCases.EditProfilePageTest"/>
  <testcase name="EditProfileDetailsValidation" time="0.234" classname="com.qa.TestCases.EditProfilePageTest"/>
  <testcase name="EditProfile" time="17.282" classname="com.qa.TestCases.EditProfilePageTest"/>
  <testcase name="EditProfileTittleValidation" time="5.066" classname="com.qa.TestCases.ManagedCardTest"/>
  <testcase name="AddCard" time="32.171" classname="com.qa.TestCases.ManagedCardTest"/>
  <testcase name="EditCardDetails" time="19.237" classname="com.qa.TestCases.ManagedCardTest"/>
  <testcase name="DeleteCardDetails" time="24.127" classname="com.qa.TestCases.ManagedCardTest"/>
  <testcase name="AddBankAccDetails" time="50.269" classname="com.qa.TestCases.ManagedCardTest"/>
  <testcase name="@AfterTest Exit" time="0.0" classname="com.qa.BaseClass.ConsumerBaseClass">
    <ignored/>
  </testcase> <!-- @AfterTest Exit -->
  <testcase name="@AfterTest Exit" time="0.0" classname="com.qa.BaseClass.ConsumerBaseClass">
    <ignored/>
  </testcase> <!-- @AfterTest Exit -->
  <testcase name="@AfterTest Exit" time="0.0" classname="com.qa.BaseClass.ConsumerBaseClass">
    <ignored/>
  </testcase> <!-- @AfterTest Exit -->
  <testcase name="@AfterTest Exit" time="0.0" classname="com.qa.BaseClass.ConsumerBaseClass">
    <ignored/>
  </testcase> <!-- @AfterTest Exit -->
  <testcase name="@BeforeSuite ReportSetup" time="0.0" classname="com.qa.BaseClass.ConsumerBaseClass">
    <ignored/>
  </testcase> <!-- @BeforeSuite ReportSetup -->
  <testcase name="@BeforeSuite ReportSetup" time="0.0" classname="com.qa.BaseClass.ConsumerBaseClass">
    <ignored/>
  </testcase> <!-- @BeforeSuite ReportSetup -->
  <testcase name="@BeforeSuite ReportSetup" time="0.0" classname="com.qa.BaseClass.ConsumerBaseClass">
    <ignored/>
  </testcase> <!-- @BeforeSuite ReportSetup -->
  <testcase name="@BeforeSuite ReportSetup" time="0.0" classname="com.qa.BaseClass.ConsumerBaseClass">
    <ignored/>
  </testcase> <!-- @BeforeSuite ReportSetup -->
  <testcase name="@AfterSuite endReport" time="0.0" classname="com.qa.BaseClass.ConsumerBaseClass">
    <ignored/>
  </testcase> <!-- @AfterSuite endReport -->
  <testcase name="@AfterSuite endReport" time="0.0" classname="com.qa.BaseClass.ConsumerBaseClass">
    <ignored/>
  </testcase> <!-- @AfterSuite endReport -->
  <testcase name="@AfterSuite endReport" time="0.0" classname="com.qa.BaseClass.ConsumerBaseClass">
    <ignored/>
  </testcase> <!-- @AfterSuite endReport -->
  <testcase name="@AfterSuite endReport" time="0.0" classname="com.qa.BaseClass.ConsumerBaseClass">
    <ignored/>
  </testcase> <!-- @AfterSuite endReport -->
</testsuite> <!-- Test -->
