<?xml version="1.0" encoding="UTF-8"?>
<testng-results skipped="0" failed="0" ignored="12" total="32" passed="20">
  <reporter-output>
  </reporter-output>
  <suite name="Suite" duration-ms="202871" started-at="2018-09-06T09:48:36Z" finished-at="2018-09-06T09:51:59Z">
    <groups>
    </groups>
    <test name="Test" duration-ms="202871" started-at="2018-09-06T09:48:36Z" finished-at="2018-09-06T09:51:59Z">
      <class name="com.qa.TestCases.DashBoardTest">
        <test-method status="PASS" signature="DashBoardIntialize()[pri:0, instance:com.qa.TestCases.DashBoardTest@1efef64]" name="DashBoardIntialize" is-config="true" duration-ms="47" started-at="2018-09-06T09:48:36Z" finished-at="2018-09-06T09:48:36Z">
          <reporter-output>
          </reporter-output>
        </test-method> <!-- DashBoardIntialize -->
        <test-method status="PASS" signature="TranscationHistoryTest()[pri:0, instance:com.qa.TestCases.EditProfilePageTest@1c62251]" name="TranscationHistoryTest" is-config="true" duration-ms="31" started-at="2018-09-06T09:48:36Z" finished-at="2018-09-06T09:48:36Z">
          <reporter-output>
          </reporter-output>
        </test-method> <!-- TranscationHistoryTest -->
        <test-method status="PASS" signature="ManagedCardStart()[pri:0, instance:com.qa.TestCases.ManagedCardTest@6fa38a]" name="ManagedCardStart" is-config="true" duration-ms="31" started-at="2018-09-06T09:48:36Z" finished-at="2018-09-06T09:48:36Z">
          <reporter-output>
          </reporter-output>
        </test-method> <!-- ManagedCardStart -->
        <test-method status="PASS" signature="TransHistory()[pri:0, instance:com.qa.TestCases.TranscationHistoryTest@17fd0e6]" name="TransHistory" is-config="true" duration-ms="32" started-at="2018-09-06T09:48:36Z" finished-at="2018-09-06T09:48:36Z">
          <reporter-output>
          </reporter-output>
        </test-method> <!-- TransHistory -->
        <test-method status="PASS" signature="DashBoardPageTittleValidation()[pri:4, instance:com.qa.TestCases.DashBoardTest@1efef64]" name="DashBoardPageTittleValidation" duration-ms="5019" started-at="2018-09-06T09:48:39Z" description="Tittle Validation for Dashboard Page of Consumer Portal" finished-at="2018-09-06T09:48:44Z">
          <reporter-output>
          </reporter-output>
        </test-method> <!-- DashBoardPageTittleValidation -->
        <test-method status="PASS" signature="SecondDashBoardPageTittleValidation()[pri:5, instance:com.qa.TestCases.DashBoardTest@1efef64]" name="SecondDashBoardPageTittleValidation" duration-ms="172" started-at="2018-09-06T09:48:44Z" description="Second Tittle Validation for Dashboard Page of Consumer Portal" finished-at="2018-09-06T09:48:44Z">
          <reporter-output>
          </reporter-output>
        </test-method> <!-- SecondDashBoardPageTittleValidation -->
        <test-method status="PASS" signature="getResult(org.testng.ITestResult)[pri:0, instance:com.qa.TestCases.DashBoardTest@1efef64]" name="getResult" is-config="true" duration-ms="0" started-at="2018-09-06T09:48:44Z" finished-at="2018-09-06T09:48:44Z">
          <params>
            <param index="0">
              <value>
                <![CDATA[[TestResult name=DashBoardPageTittleValidation status=SUCCESS method=DashBoardTest.DashBoardPageTittleValidation()[pri:4, instance:com.qa.TestCases.DashBoardTest@1efef64] output={null}]]]>
              </value>
            </param>
          </params>
          <reporter-output>
          </reporter-output>
        </test-method> <!-- getResult -->
        <test-method status="PASS" signature="AccountBalanceTextValidation()[pri:6, instance:com.qa.TestCases.DashBoardTest@1efef64]" name="AccountBalanceTextValidation" duration-ms="110" started-at="2018-09-06T09:48:44Z" description="Account Balance Text Validation on Dashboard Page of Consumer Portal" finished-at="2018-09-06T09:48:44Z">
          <reporter-output>
          </reporter-output>
        </test-method> <!-- AccountBalanceTextValidation -->
        <test-method status="PASS" signature="getResult(org.testng.ITestResult)[pri:0, instance:com.qa.TestCases.DashBoardTest@1efef64]" name="getResult" is-config="true" duration-ms="0" started-at="2018-09-06T09:48:44Z" finished-at="2018-09-06T09:48:44Z">
          <params>
            <param index="0">
              <value>
                <![CDATA[[TestResult name=SecondDashBoardPageTittleValidation status=SUCCESS method=DashBoardTest.SecondDashBoardPageTittleValidation()[pri:5, instance:com.qa.TestCases.DashBoardTest@1efef64] output={null}]]]>
              </value>
            </param>
          </params>
          <reporter-output>
          </reporter-output>
        </test-method> <!-- getResult -->
        <test-method status="PASS" signature="Last5TranscationTextValidation()[pri:7, instance:com.qa.TestCases.DashBoardTest@1efef64]" name="Last5TranscationTextValidation" duration-ms="109" started-at="2018-09-06T09:48:44Z" description="Last 5 Transcation text Validation for Dashboard Page of Consumer Portal" finished-at="2018-09-06T09:48:44Z">
          <reporter-output>
          </reporter-output>
        </test-method> <!-- Last5TranscationTextValidation -->
        <test-method status="PASS" signature="getResult(org.testng.ITestResult)[pri:0, instance:com.qa.TestCases.DashBoardTest@1efef64]" name="getResult" is-config="true" duration-ms="0" started-at="2018-09-06T09:48:44Z" finished-at="2018-09-06T09:48:44Z">
          <params>
            <param index="0">
              <value>
                <![CDATA[[TestResult name=AccountBalanceTextValidation status=SUCCESS method=DashBoardTest.AccountBalanceTextValidation()[pri:6, instance:com.qa.TestCases.DashBoardTest@1efef64] output={null}]]]>
              </value>
            </param>
          </params>
          <reporter-output>
          </reporter-output>
        </test-method> <!-- getResult -->
        <test-method status="PASS" signature="MoveToTranscationHistoryPage()[pri:8, instance:com.qa.TestCases.DashBoardTest@1efef64]" name="MoveToTranscationHistoryPage" duration-ms="21941" started-at="2018-09-06T09:48:44Z" description="Click On Transcation History Page" finished-at="2018-09-06T09:49:06Z">
          <reporter-output>
          </reporter-output>
        </test-method> <!-- MoveToTranscationHistoryPage -->
        <test-method status="PASS" signature="getResult(org.testng.ITestResult)[pri:0, instance:com.qa.TestCases.DashBoardTest@1efef64]" name="getResult" is-config="true" duration-ms="0" started-at="2018-09-06T09:48:44Z" finished-at="2018-09-06T09:48:44Z">
          <params>
            <param index="0">
              <value>
                <![CDATA[[TestResult name=Last5TranscationTextValidation status=SUCCESS method=DashBoardTest.Last5TranscationTextValidation()[pri:7, instance:com.qa.TestCases.DashBoardTest@1efef64] output={null}]]]>
              </value>
            </param>
          </params>
          <reporter-output>
          </reporter-output>
        </test-method> <!-- getResult -->
        <test-method status="PASS" signature="getResult(org.testng.ITestResult)[pri:0, instance:com.qa.TestCases.DashBoardTest@1efef64]" name="getResult" is-config="true" duration-ms="0" started-at="2018-09-06T09:49:06Z" finished-at="2018-09-06T09:49:06Z">
          <params>
            <param index="0">
              <value>
                <![CDATA[[TestResult name=MoveToTranscationHistoryPage status=SUCCESS method=DashBoardTest.MoveToTranscationHistoryPage()[pri:8, instance:com.qa.TestCases.DashBoardTest@1efef64] output={null}]]]>
              </value>
            </param>
          </params>
          <reporter-output>
          </reporter-output>
        </test-method> <!-- getResult -->
      </class> <!-- com.qa.TestCases.DashBoardTest -->
      <class name="com.qa.TestCases.ConsumerLoginPageTest">
        <test-method status="PASS" signature="ReportSetup()[pri:0, instance:com.qa.TestCases.ConsumerLoginPageTest@e45eb6]" name="ReportSetup" is-config="true" duration-ms="1001" started-at="2018-09-06T09:48:16Z" finished-at="2018-09-06T09:48:17Z">
          <reporter-output>
          </reporter-output>
        </test-method> <!-- ReportSetup -->
        <test-method status="PASS" signature="setup()[pri:0, instance:com.qa.TestCases.ConsumerLoginPageTest@e45eb6]" name="setup" is-config="true" duration-ms="18863" started-at="2018-09-06T09:48:17Z" depends-on-methods="com.qa.BaseClass.ConsumerBaseClass.ReportSetup" finished-at="2018-09-06T09:48:36Z">
          <reporter-output>
          </reporter-output>
        </test-method> <!-- setup -->
        <test-method status="PASS" signature="ConsumerLogoTest()[pri:1, instance:com.qa.TestCases.ConsumerLoginPageTest@e45eb6]" name="ConsumerLogoTest" duration-ms="330" started-at="2018-09-06T09:48:36Z" description="Validation of Logo On Consumer Portal Home Page" finished-at="2018-09-06T09:48:36Z">
          <reporter-output>
          </reporter-output>
        </test-method> <!-- ConsumerLogoTest -->
        <test-method status="PASS" signature="getResult(org.testng.ITestResult)[pri:0, instance:com.qa.TestCases.ConsumerLoginPageTest@e45eb6]" name="getResult" is-config="true" duration-ms="94" started-at="2018-09-06T09:48:36Z" finished-at="2018-09-06T09:48:37Z">
          <params>
            <param index="0">
              <value>
                <![CDATA[[TestResult name=ConsumerLogoTest status=SUCCESS method=ConsumerLoginPageTest.ConsumerLogoTest()[pri:1, instance:com.qa.TestCases.ConsumerLoginPageTest@e45eb6] output={null}]]]>
              </value>
            </param>
          </params>
          <reporter-output>
          </reporter-output>
        </test-method> <!-- getResult -->
        <test-method status="PASS" signature="ConsumerPortalTittle()[pri:2, instance:com.qa.TestCases.ConsumerLoginPageTest@e45eb6]" name="ConsumerPortalTittle" duration-ms="141" started-at="2018-09-06T09:48:37Z" description="Validation of Tittle On Consumer Portal Home Page" finished-at="2018-09-06T09:48:37Z">
          <reporter-output>
          </reporter-output>
        </test-method> <!-- ConsumerPortalTittle -->
        <test-method status="PASS" signature="getResult(org.testng.ITestResult)[pri:0, instance:com.qa.TestCases.ConsumerLoginPageTest@e45eb6]" name="getResult" is-config="true" duration-ms="0" started-at="2018-09-06T09:48:37Z" finished-at="2018-09-06T09:48:37Z">
          <params>
            <param index="0">
              <value>
                <![CDATA[[TestResult name=ConsumerPortalTittle status=SUCCESS method=ConsumerLoginPageTest.ConsumerPortalTittle()[pri:2, instance:com.qa.TestCases.ConsumerLoginPageTest@e45eb6] output={null}]]]>
              </value>
            </param>
          </params>
          <reporter-output>
          </reporter-output>
        </test-method> <!-- getResult -->
        <test-method status="PASS" signature="ConsumerLoginPortalTest()[pri:3, instance:com.qa.TestCases.ConsumerLoginPageTest@e45eb6]" name="ConsumerLoginPortalTest" duration-ms="2016" started-at="2018-09-06T09:48:37Z" description="Login Validation for Consumer Portal" finished-at="2018-09-06T09:48:39Z">
          <reporter-output>
          </reporter-output>
        </test-method> <!-- ConsumerLoginPortalTest -->
        <test-method status="PASS" signature="getResult(org.testng.ITestResult)[pri:0, instance:com.qa.TestCases.ConsumerLoginPageTest@e45eb6]" name="getResult" is-config="true" duration-ms="0" started-at="2018-09-06T09:48:39Z" finished-at="2018-09-06T09:48:39Z">
          <params>
            <param index="0">
              <value>
                <![CDATA[[TestResult name=ConsumerLoginPortalTest status=SUCCESS method=ConsumerLoginPageTest.ConsumerLoginPortalTest()[pri:3, instance:com.qa.TestCases.ConsumerLoginPageTest@e45eb6] output={null}]]]>
              </value>
            </param>
          </params>
          <reporter-output>
          </reporter-output>
        </test-method> <!-- getResult -->
        <test-method status="PASS" signature="Exit()[pri:0, instance:com.qa.TestCases.ConsumerLoginPageTest@e45eb6]" name="Exit" is-config="true" duration-ms="1234" started-at="2018-09-06T09:51:58Z" finished-at="2018-09-06T09:51:59Z">
          <reporter-output>
          </reporter-output>
        </test-method> <!-- Exit -->
        <test-method status="PASS" signature="endReport()[pri:0, instance:com.qa.TestCases.ConsumerLoginPageTest@e45eb6]" name="endReport" is-config="true" duration-ms="1154" started-at="2018-09-06T09:51:59Z" finished-at="2018-09-06T09:52:00Z">
          <reporter-output>
          </reporter-output>
        </test-method> <!-- endReport -->
      </class> <!-- com.qa.TestCases.ConsumerLoginPageTest -->
      <class name="com.qa.TestCases.EditProfilePageTest">
        <test-method status="PASS" signature="EditProfileTittleValidation()[pri:13, instance:com.qa.TestCases.EditProfilePageTest@1c62251]" name="EditProfileTittleValidation" duration-ms="5041" started-at="2018-09-06T09:49:24Z" description="Tittle Validation for Edit Profile on Consumer Portal" finished-at="2018-09-06T09:49:29Z">
          <reporter-output>
          </reporter-output>
        </test-method> <!-- EditProfileTittleValidation -->
        <test-method status="PASS" signature="getResult(org.testng.ITestResult)[pri:0, instance:com.qa.TestCases.EditProfilePageTest@1c62251]" name="getResult" is-config="true" duration-ms="0" started-at="2018-09-06T09:49:29Z" finished-at="2018-09-06T09:49:29Z">
          <params>
            <param index="0">
              <value>
                <![CDATA[[TestResult name=EditProfileTittleValidation status=SUCCESS method=EditProfilePageTest.EditProfileTittleValidation()[pri:13, instance:com.qa.TestCases.EditProfilePageTest@1c62251] output={null}]]]>
              </value>
            </param>
          </params>
          <reporter-output>
          </reporter-output>
        </test-method> <!-- getResult -->
        <test-method status="PASS" signature="EditProfileDetailsValidation()[pri:14, instance:com.qa.TestCases.EditProfilePageTest@1c62251]" name="EditProfileDetailsValidation" duration-ms="234" started-at="2018-09-06T09:49:29Z" description="Edit Profile Name and DOB Validation" finished-at="2018-09-06T09:49:29Z">
          <reporter-output>
          </reporter-output>
        </test-method> <!-- EditProfileDetailsValidation -->
        <test-method status="PASS" signature="EditProfile()[pri:15, instance:com.qa.TestCases.EditProfilePageTest@1c62251]" name="EditProfile" duration-ms="17282" started-at="2018-09-06T09:49:29Z" description="Edit Profile Validation Check" finished-at="2018-09-06T09:49:47Z">
          <reporter-output>
          </reporter-output>
        </test-method> <!-- EditProfile -->
        <test-method status="PASS" signature="getResult(org.testng.ITestResult)[pri:0, instance:com.qa.TestCases.EditProfilePageTest@1c62251]" name="getResult" is-config="true" duration-ms="0" started-at="2018-09-06T09:49:29Z" finished-at="2018-09-06T09:49:29Z">
          <params>
            <param index="0">
              <value>
                <![CDATA[[TestResult name=EditProfileDetailsValidation status=SUCCESS method=EditProfilePageTest.EditProfileDetailsValidation()[pri:14, instance:com.qa.TestCases.EditProfilePageTest@1c62251] output={null}]]]>
              </value>
            </param>
          </params>
          <reporter-output>
          </reporter-output>
        </test-method> <!-- getResult -->
        <test-method status="PASS" signature="getResult(org.testng.ITestResult)[pri:0, instance:com.qa.TestCases.EditProfilePageTest@1c62251]" name="getResult" is-config="true" duration-ms="0" started-at="2018-09-06T09:49:47Z" finished-at="2018-09-06T09:49:47Z">
          <params>
            <param index="0">
              <value>
                <![CDATA[[TestResult name=EditProfile status=SUCCESS method=EditProfilePageTest.EditProfile()[pri:15, instance:com.qa.TestCases.EditProfilePageTest@1c62251] output={null}]]]>
              </value>
            </param>
          </params>
          <reporter-output>
          </reporter-output>
        </test-method> <!-- getResult -->
      </class> <!-- com.qa.TestCases.EditProfilePageTest -->
      <class name="com.qa.TestCases.ManagedCardTest">
        <test-method status="PASS" signature="EditProfileTittleValidation()[pri:16, instance:com.qa.TestCases.ManagedCardTest@6fa38a]" name="EditProfileTittleValidation" duration-ms="5066" started-at="2018-09-06T09:49:47Z" description="Tittle Validation for Add Card Page on Consumer Portal" finished-at="2018-09-06T09:49:52Z">
          <reporter-output>
          </reporter-output>
        </test-method> <!-- EditProfileTittleValidation -->
        <test-method status="PASS" signature="AddCard()[pri:17, instance:com.qa.TestCases.ManagedCardTest@6fa38a]" name="AddCard" duration-ms="32171" started-at="2018-09-06T09:49:52Z" description="Add Credit/Debit Card on Consumer Portal" finished-at="2018-09-06T09:50:24Z">
          <reporter-output>
          </reporter-output>
        </test-method> <!-- AddCard -->
        <test-method status="PASS" signature="getResult(org.testng.ITestResult)[pri:0, instance:com.qa.TestCases.ManagedCardTest@6fa38a]" name="getResult" is-config="true" duration-ms="0" started-at="2018-09-06T09:49:52Z" finished-at="2018-09-06T09:49:52Z">
          <params>
            <param index="0">
              <value>
                <![CDATA[[TestResult name=EditProfileTittleValidation status=SUCCESS method=ManagedCardTest.EditProfileTittleValidation()[pri:16, instance:com.qa.TestCases.ManagedCardTest@6fa38a] output={null}]]]>
              </value>
            </param>
          </params>
          <reporter-output>
          </reporter-output>
        </test-method> <!-- getResult -->
        <test-method status="PASS" signature="getResult(org.testng.ITestResult)[pri:0, instance:com.qa.TestCases.ManagedCardTest@6fa38a]" name="getResult" is-config="true" duration-ms="0" started-at="2018-09-06T09:50:24Z" finished-at="2018-09-06T09:50:24Z">
          <params>
            <param index="0">
              <value>
                <![CDATA[[TestResult name=AddCard status=SUCCESS method=ManagedCardTest.AddCard()[pri:17, instance:com.qa.TestCases.ManagedCardTest@6fa38a] output={null}]]]>
              </value>
            </param>
          </params>
          <reporter-output>
          </reporter-output>
        </test-method> <!-- getResult -->
        <test-method status="PASS" signature="EditCardDetails()[pri:18, instance:com.qa.TestCases.ManagedCardTest@6fa38a]" name="EditCardDetails" duration-ms="19237" started-at="2018-09-06T09:50:24Z" description="Edit Card on Consumer Portal" finished-at="2018-09-06T09:50:43Z">
          <reporter-output>
          </reporter-output>
        </test-method> <!-- EditCardDetails -->
        <test-method status="PASS" signature="DeleteCardDetails()[pri:19, instance:com.qa.TestCases.ManagedCardTest@6fa38a]" name="DeleteCardDetails" duration-ms="24127" started-at="2018-09-06T09:50:43Z" description="Delete Card Details from Consumer Portal" finished-at="2018-09-06T09:51:07Z">
          <reporter-output>
          </reporter-output>
        </test-method> <!-- DeleteCardDetails -->
        <test-method status="PASS" signature="getResult(org.testng.ITestResult)[pri:0, instance:com.qa.TestCases.ManagedCardTest@6fa38a]" name="getResult" is-config="true" duration-ms="0" started-at="2018-09-06T09:50:43Z" finished-at="2018-09-06T09:50:43Z">
          <params>
            <param index="0">
              <value>
                <![CDATA[[TestResult name=EditCardDetails status=SUCCESS method=ManagedCardTest.EditCardDetails()[pri:18, instance:com.qa.TestCases.ManagedCardTest@6fa38a] output={null}]]]>
              </value>
            </param>
          </params>
          <reporter-output>
          </reporter-output>
        </test-method> <!-- getResult -->
        <test-method status="PASS" signature="AddBankAccDetails()[pri:20, instance:com.qa.TestCases.ManagedCardTest@6fa38a]" name="AddBankAccDetails" duration-ms="50269" started-at="2018-09-06T09:51:07Z" description="Additon of Bank Details on Consumer Portal" finished-at="2018-09-06T09:51:58Z">
          <reporter-output>
          </reporter-output>
        </test-method> <!-- AddBankAccDetails -->
        <test-method status="PASS" signature="getResult(org.testng.ITestResult)[pri:0, instance:com.qa.TestCases.ManagedCardTest@6fa38a]" name="getResult" is-config="true" duration-ms="0" started-at="2018-09-06T09:51:07Z" finished-at="2018-09-06T09:51:07Z">
          <params>
            <param index="0">
              <value>
                <![CDATA[[TestResult name=DeleteCardDetails status=SUCCESS method=ManagedCardTest.DeleteCardDetails()[pri:19, instance:com.qa.TestCases.ManagedCardTest@6fa38a] output={null}]]]>
              </value>
            </param>
          </params>
          <reporter-output>
          </reporter-output>
        </test-method> <!-- getResult -->
        <test-method status="PASS" signature="getResult(org.testng.ITestResult)[pri:0, instance:com.qa.TestCases.ManagedCardTest@6fa38a]" name="getResult" is-config="true" duration-ms="0" started-at="2018-09-06T09:51:58Z" finished-at="2018-09-06T09:51:58Z">
          <params>
            <param index="0">
              <value>
                <![CDATA[[TestResult name=AddBankAccDetails status=SUCCESS method=ManagedCardTest.AddBankAccDetails()[pri:20, instance:com.qa.TestCases.ManagedCardTest@6fa38a] output={null}]]]>
              </value>
            </param>
          </params>
          <reporter-output>
          </reporter-output>
        </test-method> <!-- getResult -->
      </class> <!-- com.qa.TestCases.ManagedCardTest -->
      <class name="com.qa.TestCases.TranscationHistoryTest">
        <test-method status="PASS" signature="TranscationHistoryTittleValidation()[pri:9, instance:com.qa.TestCases.TranscationHistoryTest@17fd0e6]" name="TranscationHistoryTittleValidation" duration-ms="5019" started-at="2018-09-06T09:49:06Z" description="Tittle Validation for Dashboard Page of Consumer Portal" finished-at="2018-09-06T09:49:11Z">
          <reporter-output>
          </reporter-output>
        </test-method> <!-- TranscationHistoryTittleValidation -->
        <test-method status="PASS" signature="DashBoardPageTittleValidation()[pri:10, instance:com.qa.TestCases.TranscationHistoryTest@17fd0e6]" name="DashBoardPageTittleValidation" duration-ms="110" started-at="2018-09-06T09:49:11Z" description="Tittle Validation for Add Card Page on Consumer Portal" finished-at="2018-09-06T09:49:11Z">
          <reporter-output>
          </reporter-output>
        </test-method> <!-- DashBoardPageTittleValidation -->
        <test-method status="PASS" signature="getResult(org.testng.ITestResult)[pri:0, instance:com.qa.TestCases.TranscationHistoryTest@17fd0e6]" name="getResult" is-config="true" duration-ms="0" started-at="2018-09-06T09:49:11Z" finished-at="2018-09-06T09:49:11Z">
          <params>
            <param index="0">
              <value>
                <![CDATA[[TestResult name=TranscationHistoryTittleValidation status=SUCCESS method=TranscationHistoryTest.TranscationHistoryTittleValidation()[pri:9, instance:com.qa.TestCases.TranscationHistoryTest@17fd0e6] output={null}]]]>
              </value>
            </param>
          </params>
          <reporter-output>
          </reporter-output>
        </test-method> <!-- getResult -->
        <test-method status="PASS" signature="getResult(org.testng.ITestResult)[pri:0, instance:com.qa.TestCases.TranscationHistoryTest@17fd0e6]" name="getResult" is-config="true" duration-ms="0" started-at="2018-09-06T09:49:11Z" finished-at="2018-09-06T09:49:11Z">
          <params>
            <param index="0">
              <value>
                <![CDATA[[TestResult name=DashBoardPageTittleValidation status=SUCCESS method=TranscationHistoryTest.DashBoardPageTittleValidation()[pri:10, instance:com.qa.TestCases.TranscationHistoryTest@17fd0e6] output={null}]]]>
              </value>
            </param>
          </params>
          <reporter-output>
          </reporter-output>
        </test-method> <!-- getResult -->
        <test-method status="PASS" signature="ClickOnCalender()[pri:11, instance:com.qa.TestCases.TranscationHistoryTest@17fd0e6]" name="ClickOnCalender" duration-ms="10409" started-at="2018-09-06T09:49:11Z" description="Transcation History Validation" finished-at="2018-09-06T09:49:22Z">
          <reporter-output>
          </reporter-output>
        </test-method> <!-- ClickOnCalender -->
        <test-method status="PASS" signature="TransHistoryScreenValidation()[pri:12, instance:com.qa.TestCases.TranscationHistoryTest@17fd0e6]" name="TransHistoryScreenValidation" duration-ms="2471" started-at="2018-09-06T09:49:22Z" description="Transcation History Compelte Screen Field Validation" finished-at="2018-09-06T09:49:24Z">
          <reporter-output>
          </reporter-output>
        </test-method> <!-- TransHistoryScreenValidation -->
        <test-method status="PASS" signature="getResult(org.testng.ITestResult)[pri:0, instance:com.qa.TestCases.TranscationHistoryTest@17fd0e6]" name="getResult" is-config="true" duration-ms="0" started-at="2018-09-06T09:49:22Z" finished-at="2018-09-06T09:49:22Z">
          <params>
            <param index="0">
              <value>
                <![CDATA[[TestResult name=ClickOnCalender status=SUCCESS method=TranscationHistoryTest.ClickOnCalender()[pri:11, instance:com.qa.TestCases.TranscationHistoryTest@17fd0e6] output={null}]]]>
              </value>
            </param>
          </params>
          <reporter-output>
          </reporter-output>
        </test-method> <!-- getResult -->
        <test-method status="PASS" signature="getResult(org.testng.ITestResult)[pri:0, instance:com.qa.TestCases.TranscationHistoryTest@17fd0e6]" name="getResult" is-config="true" duration-ms="0" started-at="2018-09-06T09:49:24Z" finished-at="2018-09-06T09:49:24Z">
          <params>
            <param index="0">
              <value>
                <![CDATA[[TestResult name=TransHistoryScreenValidation status=SUCCESS method=TranscationHistoryTest.TransHistoryScreenValidation()[pri:12, instance:com.qa.TestCases.TranscationHistoryTest@17fd0e6] output={null}]]]>
              </value>
            </param>
          </params>
          <reporter-output>
          </reporter-output>
        </test-method> <!-- getResult -->
      </class> <!-- com.qa.TestCases.TranscationHistoryTest -->
    </test> <!-- Test -->
  </suite> <!-- Suite -->
</testng-results>
