<?xml version="1.0" encoding="UTF-8"?>
<!-- Generated by org.testng.reporters.JUnitXMLReporter -->
<testsuite hostname="LT0021232" ignored="16" name="Chrome" tests="20" failures="0" timestamp="29 Aug 2018 11:57:57 GMT" time="0.271" errors="0">
  <testcase name="@BeforeSuite setup" time="0.0" classname="com.qa.TestCases.ConsumerLoginPageTest">
    <failure type="java.lang.Error" message="Unresolved compilation problem: 
	The method initialization(String) in the type ConsumerBaseClass is not applicable for the arguments ()
">
      <![CDATA[java.lang.Error: Unresolved compilation problem: 
The method initialization(String) in the type ConsumerBaseClass is not applicable for the arguments ()

at com.qa.TestCases.ConsumerLoginPageTest.setup(ConsumerLoginPageTest.java:20)
... Removed 20 stack frames]]>
    </failure>
  </testcase> <!-- @BeforeSuite setup -->
  <testcase name="@BeforeTest initialization" time="0.0" classname="com.qa.BaseClass.ConsumerBaseClass">
    <skipped/>
  </testcase> <!-- @BeforeTest initialization -->
  <testcase name="@BeforeTest initialization" time="0.0" classname="com.qa.BaseClass.ConsumerBaseClass">
    <skipped/>
  </testcase> <!-- @BeforeTest initialization -->
  <testcase name="@BeforeTest ManagedCardStart" time="0.0" classname="com.qa.TestCases.ManagedCardTest">
    <skipped/>
  </testcase> <!-- @BeforeTest ManagedCardStart -->
  <testcase name="@BeforeTest ManagedCardStart" time="0.0" classname="com.qa.TestCases.ManagedCardTest">
    <skipped/>
  </testcase> <!-- @BeforeTest ManagedCardStart -->
  <testcase name="@BeforeTest TranscationHistoryTest" time="0.0" classname="com.qa.TestCases.EditProfilePageTest">
    <skipped/>
  </testcase> <!-- @BeforeTest TranscationHistoryTest -->
  <testcase name="@BeforeTest TransHistory" time="0.0" classname="com.qa.TestCases.TranscationHistoryTest">
    <skipped/>
  </testcase> <!-- @BeforeTest TransHistory -->
  <testcase name="@BeforeTest TranscationHistoryTest" time="0.0" classname="com.qa.TestCases.EditProfilePageTest">
    <skipped/>
  </testcase> <!-- @BeforeTest TranscationHistoryTest -->
  <testcase name="@BeforeTest DashBoardIntialize" time="0.0" classname="com.qa.TestCases.DashBoardTest">
    <skipped/>
  </testcase> <!-- @BeforeTest DashBoardIntialize -->
  <testcase name="@BeforeTest TransHistory" time="0.0" classname="com.qa.TestCases.TranscationHistoryTest">
    <skipped/>
  </testcase> <!-- @BeforeTest TransHistory -->
  <testcase name="@BeforeTest DashBoardIntialize" time="0.0" classname="com.qa.TestCases.DashBoardTest">
    <skipped/>
  </testcase> <!-- @BeforeTest DashBoardIntialize -->
  <testcase name="@AfterMethod getResult" time="0.0" classname="com.qa.BaseClass.ConsumerBaseClass">
    <skipped/>
  </testcase> <!-- @AfterMethod getResult -->
  <testcase name="@AfterMethod getResult" time="0.0" classname="com.qa.BaseClass.ConsumerBaseClass">
    <skipped/>
  </testcase> <!-- @AfterMethod getResult -->
  <testcase name="@AfterMethod getResult" time="0.0" classname="com.qa.BaseClass.ConsumerBaseClass">
    <skipped/>
  </testcase> <!-- @AfterMethod getResult -->
  <testcase name="@AfterMethod getResult" time="0.0" classname="com.qa.BaseClass.ConsumerBaseClass">
    <skipped/>
  </testcase> <!-- @AfterMethod getResult -->
  <testcase name="@AfterMethod getResult" time="0.0" classname="com.qa.BaseClass.ConsumerBaseClass">
    <skipped/>
  </testcase> <!-- @AfterMethod getResult -->
  <testcase name="@AfterMethod getResult" time="0.0" classname="com.qa.BaseClass.ConsumerBaseClass">
    <skipped/>
  </testcase> <!-- @AfterMethod getResult -->
  <testcase name="@AfterMethod getResult" time="0.0" classname="com.qa.BaseClass.ConsumerBaseClass">
    <skipped/>
  </testcase> <!-- @AfterMethod getResult -->
  <testcase name="@AfterMethod getResult" time="0.0" classname="com.qa.BaseClass.ConsumerBaseClass">
    <skipped/>
  </testcase> <!-- @AfterMethod getResult -->
  <testcase name="@AfterMethod getResult" time="0.0" classname="com.qa.BaseClass.ConsumerBaseClass">
    <skipped/>
  </testcase> <!-- @AfterMethod getResult -->
  <testcase name="@AfterMethod getResult" time="0.0" classname="com.qa.BaseClass.ConsumerBaseClass">
    <skipped/>
  </testcase> <!-- @AfterMethod getResult -->
  <testcase name="@AfterMethod getResult" time="0.0" classname="com.qa.BaseClass.ConsumerBaseClass">
    <skipped/>
  </testcase> <!-- @AfterMethod getResult -->
  <testcase name="@AfterMethod getResult" time="0.0" classname="com.qa.BaseClass.ConsumerBaseClass">
    <skipped/>
  </testcase> <!-- @AfterMethod getResult -->
  <testcase name="@AfterMethod getResult" time="0.0" classname="com.qa.BaseClass.ConsumerBaseClass">
    <skipped/>
  </testcase> <!-- @AfterMethod getResult -->
  <testcase name="@AfterMethod getResult" time="0.0" classname="com.qa.BaseClass.ConsumerBaseClass">
    <skipped/>
  </testcase> <!-- @AfterMethod getResult -->
  <testcase name="@AfterMethod getResult" time="0.0" classname="com.qa.BaseClass.ConsumerBaseClass">
    <skipped/>
  </testcase> <!-- @AfterMethod getResult -->
  <testcase name="@AfterMethod getResult" time="0.0" classname="com.qa.BaseClass.ConsumerBaseClass">
    <skipped/>
  </testcase> <!-- @AfterMethod getResult -->
  <testcase name="@AfterMethod getResult" time="0.0" classname="com.qa.BaseClass.ConsumerBaseClass">
    <skipped/>
  </testcase> <!-- @AfterMethod getResult -->
  <testcase name="@AfterMethod getResult" time="0.0" classname="com.qa.BaseClass.ConsumerBaseClass">
    <skipped/>
  </testcase> <!-- @AfterMethod getResult -->
  <testcase name="@AfterMethod getResult" time="0.0" classname="com.qa.BaseClass.ConsumerBaseClass">
    <skipped/>
  </testcase> <!-- @AfterMethod getResult -->
  <testcase name="@AfterMethod getResult" time="0.0" classname="com.qa.BaseClass.ConsumerBaseClass">
    <skipped/>
  </testcase> <!-- @AfterMethod getResult -->
  <testcase name="@AfterMethod getResult" time="0.0" classname="com.qa.BaseClass.ConsumerBaseClass">
    <skipped/>
  </testcase> <!-- @AfterMethod getResult -->
  <testcase name="@AfterMethod getResult" time="0.0" classname="com.qa.BaseClass.ConsumerBaseClass">
    <skipped/>
  </testcase> <!-- @AfterMethod getResult -->
  <testcase name="@AfterMethod getResult" time="0.0" classname="com.qa.BaseClass.ConsumerBaseClass">
    <skipped/>
  </testcase> <!-- @AfterMethod getResult -->
  <testcase name="@AfterMethod getResult" time="0.0" classname="com.qa.BaseClass.ConsumerBaseClass">
    <skipped/>
  </testcase> <!-- @AfterMethod getResult -->
  <testcase name="@AfterMethod getResult" time="0.0" classname="com.qa.BaseClass.ConsumerBaseClass">
    <skipped/>
  </testcase> <!-- @AfterMethod getResult -->
  <testcase name="@AfterMethod getResult" time="0.0" classname="com.qa.BaseClass.ConsumerBaseClass">
    <skipped/>
  </testcase> <!-- @AfterMethod getResult -->
  <testcase name="@AfterMethod getResult" time="0.0" classname="com.qa.BaseClass.ConsumerBaseClass">
    <skipped/>
  </testcase> <!-- @AfterMethod getResult -->
  <testcase name="@AfterMethod getResult" time="0.0" classname="com.qa.BaseClass.ConsumerBaseClass">
    <skipped/>
  </testcase> <!-- @AfterMethod getResult -->
  <testcase name="@AfterMethod getResult" time="0.0" classname="com.qa.BaseClass.ConsumerBaseClass">
    <skipped/>
  </testcase> <!-- @AfterMethod getResult -->
  <testcase name="@AfterMethod getResult" time="0.0" classname="com.qa.BaseClass.ConsumerBaseClass">
    <skipped/>
  </testcase> <!-- @AfterMethod getResult -->
  <testcase name="@AfterMethod getResult" time="0.0" classname="com.qa.BaseClass.ConsumerBaseClass">
    <skipped/>
  </testcase> <!-- @AfterMethod getResult -->
  <testcase name="@AfterMethod getResult" time="0.0" classname="com.qa.BaseClass.ConsumerBaseClass">
    <skipped/>
  </testcase> <!-- @AfterMethod getResult -->
  <testcase name="@AfterMethod getResult" time="0.0" classname="com.qa.BaseClass.ConsumerBaseClass">
    <skipped/>
  </testcase> <!-- @AfterMethod getResult -->
  <testcase name="@AfterMethod getResult" time="0.0" classname="com.qa.BaseClass.ConsumerBaseClass">
    <skipped/>
  </testcase> <!-- @AfterMethod getResult -->
  <testcase name="@AfterTest Exit" time="0.0" classname="com.qa.BaseClass.ConsumerBaseClass">
    <skipped/>
  </testcase> <!-- @AfterTest Exit -->
  <testcase name="@AfterMethod getResult" time="0.0" classname="com.qa.BaseClass.ConsumerBaseClass">
    <skipped/>
  </testcase> <!-- @AfterMethod getResult -->
  <testcase name="@AfterMethod getResult" time="0.0" classname="com.qa.BaseClass.ConsumerBaseClass">
    <skipped/>
  </testcase> <!-- @AfterMethod getResult -->
  <testcase name="@AfterMethod getResult" time="0.0" classname="com.qa.BaseClass.ConsumerBaseClass">
    <skipped/>
  </testcase> <!-- @AfterMethod getResult -->
  <testcase name="@AfterMethod getResult" time="0.0" classname="com.qa.BaseClass.ConsumerBaseClass">
    <skipped/>
  </testcase> <!-- @AfterMethod getResult -->
  <testcase name="@AfterMethod getResult" time="0.0" classname="com.qa.BaseClass.ConsumerBaseClass">
    <skipped/>
  </testcase> <!-- @AfterMethod getResult -->
  <testcase name="@AfterMethod getResult" time="0.0" classname="com.qa.BaseClass.ConsumerBaseClass">
    <skipped/>
  </testcase> <!-- @AfterMethod getResult -->
  <testcase name="@AfterTest Exit" time="0.0" classname="com.qa.BaseClass.ConsumerBaseClass">
    <skipped/>
  </testcase> <!-- @AfterTest Exit -->
  <testcase name="ConsumerLogoTest" time="0.0" classname="com.qa.TestCases.ConsumerLoginPageTest">
    <skipped/>
  </testcase> <!-- ConsumerLogoTest -->
  <testcase name="ConsumerPortalTittle" time="0.0" classname="com.qa.TestCases.ConsumerLoginPageTest">
    <skipped/>
  </testcase> <!-- ConsumerPortalTittle -->
  <testcase name="ConsumerLoginPortalTest" time="0.0" classname="com.qa.TestCases.ConsumerLoginPageTest">
    <skipped/>
  </testcase> <!-- ConsumerLoginPortalTest -->
  <testcase name="DashBoardPageTittleValidation" time="0.0" classname="com.qa.TestCases.DashBoardTest">
    <skipped/>
  </testcase> <!-- DashBoardPageTittleValidation -->
  <testcase name="SecondDashBoardPageTittleValidation" time="0.0" classname="com.qa.TestCases.DashBoardTest">
    <skipped/>
  </testcase> <!-- SecondDashBoardPageTittleValidation -->
  <testcase name="AccountBalanceTextValidation" time="0.0" classname="com.qa.TestCases.DashBoardTest">
    <skipped/>
  </testcase> <!-- AccountBalanceTextValidation -->
  <testcase name="Last5TranscationTextValidation" time="0.0" classname="com.qa.TestCases.DashBoardTest">
    <skipped/>
  </testcase> <!-- Last5TranscationTextValidation -->
  <testcase name="MoveToTranscationHistoryPage" time="0.0" classname="com.qa.TestCases.DashBoardTest">
    <skipped/>
  </testcase> <!-- MoveToTranscationHistoryPage -->
  <testcase name="TranscationHistoryTittleValidation" time="0.0" classname="com.qa.TestCases.TranscationHistoryTest">
    <skipped/>
  </testcase> <!-- TranscationHistoryTittleValidation -->
  <testcase name="DashBoardPageTittleValidation" time="0.0" classname="com.qa.TestCases.TranscationHistoryTest">
    <skipped/>
  </testcase> <!-- DashBoardPageTittleValidation -->
  <testcase name="ClickOnCalender" time="0.0" classname="com.qa.TestCases.TranscationHistoryTest">
    <skipped/>
  </testcase> <!-- ClickOnCalender -->
  <testcase name="TransHistoryScreenValidation" time="0.0" classname="com.qa.TestCases.TranscationHistoryTest">
    <skipped/>
  </testcase> <!-- TransHistoryScreenValidation -->
  <testcase name="EditProfileTittleValidation" time="0.0" classname="com.qa.TestCases.EditProfilePageTest">
    <skipped/>
  </testcase> <!-- EditProfileTittleValidation -->
  <testcase name="EditProfileDetailsValidation" time="0.0" classname="com.qa.TestCases.EditProfilePageTest">
    <skipped/>
  </testcase> <!-- EditProfileDetailsValidation -->
  <testcase name="EditProfile" time="0.0" classname="com.qa.TestCases.EditProfilePageTest">
    <skipped/>
  </testcase> <!-- EditProfile -->
  <testcase name="EditProfileTittleValidation" time="0.0" classname="com.qa.TestCases.ManagedCardTest">
    <skipped/>
  </testcase> <!-- EditProfileTittleValidation -->
  <testcase name="AddCard" time="0.0" classname="com.qa.TestCases.ManagedCardTest">
    <skipped/>
  </testcase> <!-- AddCard -->
  <testcase name="EditCardDetails" time="0.0" classname="com.qa.TestCases.ManagedCardTest">
    <skipped/>
  </testcase> <!-- EditCardDetails -->
  <testcase name="DeleteCardDetails" time="0.0" classname="com.qa.TestCases.ManagedCardTest">
    <skipped/>
  </testcase> <!-- DeleteCardDetails -->
  <testcase name="AddBankAccDetails" time="0.0" classname="com.qa.TestCases.ManagedCardTest">
    <skipped/>
  </testcase> <!-- AddBankAccDetails -->
  <testcase name="@AfterTest Exit" time="0.0" classname="com.qa.BaseClass.ConsumerBaseClass">
    <ignored/>
  </testcase> <!-- @AfterTest Exit -->
  <testcase name="@AfterTest Exit" time="0.0" classname="com.qa.BaseClass.ConsumerBaseClass">
    <ignored/>
  </testcase> <!-- @AfterTest Exit -->
  <testcase name="@AfterTest Exit" time="0.0" classname="com.qa.BaseClass.ConsumerBaseClass">
    <ignored/>
  </testcase> <!-- @AfterTest Exit -->
  <testcase name="@AfterTest Exit" time="0.0" classname="com.qa.BaseClass.ConsumerBaseClass">
    <ignored/>
  </testcase> <!-- @AfterTest Exit -->
  <testcase name="@BeforeTest initialization" time="0.0" classname="com.qa.BaseClass.ConsumerBaseClass">
    <ignored/>
  </testcase> <!-- @BeforeTest initialization -->
  <testcase name="@BeforeTest initialization" time="0.0" classname="com.qa.BaseClass.ConsumerBaseClass">
    <ignored/>
  </testcase> <!-- @BeforeTest initialization -->
  <testcase name="@BeforeTest initialization" time="0.0" classname="com.qa.BaseClass.ConsumerBaseClass">
    <ignored/>
  </testcase> <!-- @BeforeTest initialization -->
  <testcase name="@BeforeTest initialization" time="0.0" classname="com.qa.BaseClass.ConsumerBaseClass">
    <ignored/>
  </testcase> <!-- @BeforeTest initialization -->
  <testcase name="@BeforeSuite ReportSetup" time="0.0" classname="com.qa.BaseClass.ConsumerBaseClass">
    <ignored/>
  </testcase> <!-- @BeforeSuite ReportSetup -->
  <testcase name="@BeforeSuite ReportSetup" time="0.0" classname="com.qa.BaseClass.ConsumerBaseClass">
    <ignored/>
  </testcase> <!-- @BeforeSuite ReportSetup -->
  <testcase name="@BeforeSuite ReportSetup" time="0.0" classname="com.qa.BaseClass.ConsumerBaseClass">
    <ignored/>
  </testcase> <!-- @BeforeSuite ReportSetup -->
  <testcase name="@BeforeSuite ReportSetup" time="0.0" classname="com.qa.BaseClass.ConsumerBaseClass">
    <ignored/>
  </testcase> <!-- @BeforeSuite ReportSetup -->
  <testcase name="@AfterSuite endReport" time="0.0" classname="com.qa.BaseClass.ConsumerBaseClass">
    <ignored/>
  </testcase> <!-- @AfterSuite endReport -->
  <testcase name="@AfterSuite endReport" time="0.0" classname="com.qa.BaseClass.ConsumerBaseClass">
    <ignored/>
  </testcase> <!-- @AfterSuite endReport -->
  <testcase name="@AfterSuite endReport" time="0.0" classname="com.qa.BaseClass.ConsumerBaseClass">
    <ignored/>
  </testcase> <!-- @AfterSuite endReport -->
  <testcase name="@AfterSuite endReport" time="0.0" classname="com.qa.BaseClass.ConsumerBaseClass">
    <ignored/>
  </testcase> <!-- @AfterSuite endReport -->
</testsuite> <!-- Chrome -->
